config file path : config.ini
[2021-01-23 10:40:14] Initializing...
FISCO-BCOS Version : 2.6.0
Build Time         : 20200814 08:45:06
Build Type         : Linux/clang/Release
Git Branch         : HEAD
Git Commit Hash    : e4a5ef2ef64d1943fccc4ebc61467a91779fb1c0
[2021-01-23 10:40:15] The FISCO-BCOS is running...
[2021-01-23 10:47:52] FISCO-BCOS program exit normally.
config file path : config.ini
[2021-01-23 10:48:10] Initializing...
FISCO-BCOS Version : 2.6.0
Build Time         : 20200814 08:45:06
Build Type         : Linux/clang/Release
Git Branch         : HEAD
Git Commit Hash    : e4a5ef2ef64d1943fccc4ebc61467a91779fb1c0
[2021-01-23 10:48:11] The FISCO-BCOS is running...
[2021-01-23 16:32:36] FISCO-BCOS program exit normally.
config file path : config.ini
[2021-01-23 16:33:15] Initializing...
FISCO-BCOS Version : 2.6.0
Build Time         : 20200814 08:45:06
Build Type         : Linux/clang/Release
Git Branch         : HEAD
Git Commit Hash    : e4a5ef2ef64d1943fccc4ebc61467a91779fb1c0
[2021-01-23 16:33:17] The FISCO-BCOS is running...
[2021-01-23 16:34:30] FISCO-BCOS program exit normally.
